app/seeds.txt
com.patil.geobells.lite.BuildConfig
com.patil.geobells.lite.BuildConfig: boolean DEBUG
com.patil.geobells.lite.BuildConfig: java.lang.String PACKAGE_NAME
com.patil.geobells.lite.BuildConfig: java.lang.String BUILD_TYPE
com.patil.geobells.lite.BuildConfig: java.lang.String FLAVOR
com.patil.geobells.lite.BuildConfig: int VERSION_CODE
com.patil.geobells.lite.BuildConfig: java.lang.String VERSION_NAME
com.patil.geobells.lite.BuildConfig: BuildConfig()
com.patil.geobells.lite.CreateReminderActivity
com.patil.geobells.lite.CreateReminderActivity: CreateReminderActivity()
com.patil.geobells.lite.CreateReminderActivity: void onCreate(android.os.Bundle)
com.patil.geobells.lite.CreateReminderActivity: void setData()
com.patil.geobells.lite.CreateReminderActivity: void onStart()
com.patil.geobells.lite.CreateReminderActivity: void onStop()
com.patil.geobells.lite.CreateReminderActivity: double[] getLatLong()
com.patil.geobells.lite.CreateReminderActivity: void onCheckboxAirplaneClick(android.view.View)
com.patil.geobells.lite.CreateReminderActivity: void setupSpinner()
com.patil.geobells.lite.CreateReminderActivity: void setupAutocomplete()
com.patil.geobells.lite.CreateReminderActivity: void setupViews()
com.patil.geobells.lite.CreateReminderActivity: void onTypeSpecificClick(android.view.View)
com.patil.geobells.lite.CreateReminderActivity: void onTypeDynamicClick(android.view.View)
com.patil.geobells.lite.CreateReminderActivity: void onTransitionEnterClick(android.view.View)
com.patil.geobells.lite.CreateReminderActivity: void onTransitionExitClick(android.view.View)
com.patil.geobells.lite.CreateReminderActivity: void onAdvancedOptionsClick(android.view.View)
com.patil.geobells.lite.CreateReminderActivity: void hideKeyboard()
com.patil.geobells.lite.CreateReminderActivity: void onChooseDaysClick(android.view.View)
com.patil.geobells.lite.CreateReminderActivity: void onBusinessViewPlacesClick(android.view.View)
com.patil.geobells.lite.GeobellsApplication
com.patil.geobells.lite.GeobellsApplication: int GENERAL_TRACKER
com.patil.geobells.lite.GeobellsApplication: GeobellsApplication()
com.patil.geobells.lite.GeobellsApplication$TrackerName
com.patil.geobells.lite.GeobellsApplication$TrackerName: com.patil.geobells.lite.GeobellsApplication$TrackerName APP_TRACKER
com.patil.geobells.lite.GeobellsApplication$TrackerName: com.patil.geobells.lite.GeobellsApplication$TrackerName GLOBAL_TRACKER
com.patil.geobells.lite.GeobellsApplication$TrackerName: com.patil.geobells.lite.GeobellsApplication$TrackerName ECOMMERCE_TRACKER
com.patil.geobells.lite.GeobellsApplication$TrackerName: com.patil.geobells.lite.GeobellsApplication$TrackerName[] values()
com.patil.geobells.lite.GeobellsApplication$TrackerName: com.patil.geobells.lite.GeobellsApplication$TrackerName valueOf(java.lang.String)
...
com.google.android.gms.maps.model.LatLng
com.google.android.gms.maps.model.LatLng: com.google.android.gms.maps.model.LatLngCreator CREATOR
com.google.android.gms.maps.model.LatLng: double latitude
com.google.android.gms.maps.model.LatLng: double longitude
com.google.android.gms.maps.model.LatLng: LatLng(double,double)
com.google.android.gms.maps.model.LatLng: void writeToParcel(android.os.Parcel,int)
com.google.android.gms.maps.model.LatLng: int describeContents()
com.google.android.gms.maps.model.LatLng: int hashCode()
com.google.android.gms.maps.model.LatLng: boolean equals(java.lang.Object)
com.google.android.gms.maps.model.LatLng: java.lang.String toString()
com.google.android.gms.maps.model.LatLngBounds
com.google.android.gms.maps.model.LatLngBounds: com.google.android.gms.maps.model.LatLngBoundsCreator CREATOR
com.google.android.gms.maps.model.LatLngBounds: com.google.android.gms.maps.model.LatLng southwest
com.google.android.gms.maps.model.LatLngBounds: com.google.android.gms.maps.model.LatLng northeast
com.google.android.gms.maps.model.LatLngBounds: LatLngBounds(com.google.android.gms.maps.model.LatLng,com.google.android.gms.maps.model.LatLng)
com.google.android.gms.maps.model.LatLngBounds: void writeToParcel(android.os.Parcel,int)
com.google.android.gms.maps.model.LatLngBounds: int describeContents()
com.google.android.gms.maps.model.LatLngBounds: com.google.android.gms.maps.model.LatLngBounds$Builder builder()
com.google.android.gms.maps.model.LatLngBounds: boolean contains(com.google.android.gms.maps.model.LatLng)
com.google.android.gms.maps.model.LatLngBounds: com.google.android.gms.maps.model.LatLngBounds including(com.google.android.gms.maps.model.LatLng)
com.google.android.gms.maps.model.LatLngBounds: com.google.android.gms.maps.model.LatLng getCenter()
com.google.android.gms.maps.model.LatLngBounds: int hashCode()
com.google.android.gms.maps.model.LatLngBounds: boolean equals(java.lang.Object)
com.google.android.gms.maps.model.LatLngBounds: java.lang.String toString()
com.google.android.gms.maps.model.LatLngBounds$Builder
com.google.android.gms.maps.model.LatLngBounds$Builder: LatLngBounds$Builder()
com.google.android.gms.maps.model.LatLngBounds$Builder: com.google.android.gms.maps.model.LatLngBounds$Builder include(com.google.android.gms.maps.model.LatLng)
com.google.android.gms.maps.model.LatLngBounds$Builder: com.google.android.gms.maps.model.LatLngBounds build()
com.google.android.gms.maps.model.LatLngBoundsCreator
com.google.android.gms.maps.model.LatLngBoundsCreator: int CONTENT_DESCRIPTION
com.google.android.gms.maps.model.LatLngBoundsCreator: LatLngBoundsCreator()
com.google.android.gms.maps.model.LatLngBoundsCreator: com.google.android.gms.maps.model.LatLngBounds createFromParcel(android.os.Parcel)
com.google.android.gms.maps.model.LatLngBoundsCreator: com.google.android.gms.maps.model.LatLngBounds[] newArray(int)
com.google.android.gms.maps.model.LatLngBoundsCreator: java.lang.Object[] newArray(int)
com.google.android.gms.maps.model.LatLngBoundsCreator: java.lang.Object createFromParcel(android.os.Parcel)
com.google.android.gms.maps.model.LatLngCreator
com.google.android.gms.maps.model.LatLngCreator: int CONTENT_DESCRIPTION
com.google.android.gms.maps.model.LatLngCreator: LatLngCreator()
com.google.android.gms.maps.model.LatLngCreator: com.google.android.gms.maps.model.LatLng createFromParcel(android.os.Parcel)
com.google.android.gms.maps.model.LatLngCreator: com.google.android.gms.maps.model.LatLng[] newArray(int)
com.google.android.gms.maps.model.LatLngCreator: java.lang.Object[] newArray(int)
com.google.android.gms.maps.model.LatLngCreator: java.lang.Object createFromParcel(android.os.Parcel)