app/mapping.txt
com.patil.geobells.lite.BuildConfig -> com.patil.geobells.lite.BuildConfig:
    boolean DEBUG -> DEBUG
    java.lang.String PACKAGE_NAME -> PACKAGE_NAME
    java.lang.String BUILD_TYPE -> BUILD_TYPE
    java.lang.String FLAVOR -> FLAVOR
    int VERSION_CODE -> VERSION_CODE
    java.lang.String VERSION_NAME -> VERSION_NAME
com.patil.geobells.lite.CreateReminderActivity -> com.patil.geobells.lite.CreateReminderActivity:
    android.widget.EditText titleBox -> a
    android.widget.EditText descriptionBox -> b
    android.widget.RadioButton specificRadioButton -> c
    android.widget.RadioButton dynamicRadioButton -> d
    android.widget.AutoCompleteTextView businessBox -> e
    android.widget.AutoCompleteTextView addressBox -> f
    android.widget.RadioButton enterRadioButton -> g
    android.widget.RadioButton exitRadioButton -> h
    android.widget.RadioGroup transitionRadioGroup -> i
    android.widget.CheckBox repeatCheckBox -> j
    android.widget.CheckBox airplaneCheckBox -> k
    android.widget.CheckBox silenceCheckBox -> l
    android.widget.TextView proximityPrompt -> m
    android.widget.TextView transitionPrompt -> n
    android.widget.RelativeLayout specificLayout -> o
    android.widget.RelativeLayout dynamicLayout -> p
    android.widget.RelativeLayout advancedLayout -> q
    android.widget.Button advancedButton -> r
    android.widget.Button createReminderButton -> s
    android.widget.Spinner proximitySpinner -> t
    com.patil.geobells.lite.utils.GeobellsPreferenceManager preferenceManager -> u
    com.patil.geobells.lite.utils.GeobellsDataManager dataManager -> v
    java.lang.String title -> w
    boolean completed -> x
    boolean repeat -> y
    boolean[] days -> z
    int proximity -> A
    boolean toggleAirplane -> B
    boolean silencePhone -> C
    long timeCreated -> D
com.patil.geobells.lite.CreateReminderActivity$1 -> axo:
    com.patil.geobells.lite.CreateReminderActivity this$0 -> a
    146:146:void beforeTextChanged(java.lang.CharSequence,int,int,int) -> beforeTextChanged
    150:159:void onTextChanged(java.lang.CharSequence,int,int,int) -> onTextChanged
    164:164:void afterTextChanged(android.text.Editable) -> afterTextChanged
com.patil.geobells.lite.CreateReminderActivity$10 -> axp:
    android.widget.EditText val$input -> a
    com.patil.geobells.lite.CreateReminderActivity this$0 -> b
    481:488:void onClick(android.content.DialogInterface,int) -> onClick
com.patil.geobells.lite.CreateReminderActivity$11 -> axq:
    com.patil.geobells.lite.CreateReminderActivity this$0 -> a
    493:494:void onClick(android.content.DialogInterface,int) -> onClick
com.patil.geobells.lite.CreateReminderActivity$12 -> axr:
    com.patil.geobells.lite.CreateReminderActivity this$0 -> a
    654:655:void onClick(android.content.DialogInterface,int) -> onClick
com.patil.geobells.lite.CreateReminderActivity$13 -> axs:
    java.lang.String[] val$stringArray -> a
    android.app.Dialog val$dialog -> b
    com.patil.geobells.lite.CreateReminderActivity this$0 -> c
    899:901:void onItemClick(android.widget.AdapterView,android.view.View,int,long) -> onItemClick
com.patil.geobells.lite.CreateReminderActivity$2 -> axt:
    com.patil.geobells.lite.CreateReminderActivity this$0 -> a
    171:171:void beforeTextChanged(java.lang.CharSequence,int,int,int) -> beforeTextChanged
    175:184:void onTextChanged(java.lang.CharSequence,int,int,int) -> onTextChanged
    189:189:void afterTextChanged(android.text.Editable) -> afterTextChanged
com.patil.geobells.lite.CreateReminderActivity$3 -> axu:
    com.patil.geobells.lite.CreateReminderActivity this$0 -> a
    277:277:void onClick(android.content.DialogInterface,int) -> onClick
com.patil.geobells.lite.CreateReminderActivity$4 -> axv:
    com.patil.geobells.lite.CreateReminderActivity this$0 -> a
    296:297:void onItemSelected(android.widget.AdapterView,android.view.View,int,long) -> onItemSelected
    301:302:void onNothingSelected(android.widget.AdapterView) -> onNothingSelected
...
com.google.android.gms.internal.ap$a$a -> abz:
    android.os.IBinder kn -> a
    android.os.IBinder asBinder() -> asBinder
    com.google.android.gms.dynamic.d Q() -> Q
    void destroy() -> destroy
    boolean isReady() -> isReady
    boolean a(com.google.android.gms.internal.ah) -> a
    void pause() -> pause
    void resume() -> resume
    void a(com.google.android.gms.internal.ao) -> a
    void a(com.google.android.gms.internal.ar) -> a
    void showInterstitial() -> showInterstitial
    void stopLoading() -> stopLoading
    void ac() -> ac
    com.google.android.gms.internal.ak R() -> R
    void a(com.google.android.gms.internal.ak) -> a
    void a(com.google.android.gms.internal.co) -> a
com.google.android.gms.internal.aq -> com.google.android.gms.internal.aq:
    android.os.IBinder a(com.google.android.gms.dynamic.d,com.google.android.gms.internal.ak,java.lang.String,com.google.android.gms.internal.bq,int) -> a
com.google.android.gms.internal.aq$a -> com.google.android.gms.internal.aq$a:
    com.google.android.gms.internal.aq g(android.os.IBinder) -> g
    boolean onTransact(int,android.os.Parcel,android.os.Parcel,int) -> onTransact
com.google.android.gms.internal.aq$a$a -> aca:
    android.os.IBinder kn -> a
    android.os.IBinder asBinder() -> asBinder
    android.os.IBinder a(com.google.android.gms.dynamic.d,com.google.android.gms.internal.ak,java.lang.String,com.google.android.gms.internal.bq,int) -> a
com.google.android.gms.internal.ar -> com.google.android.gms.internal.ar:
    void onAppEvent(java.lang.String,java.lang.String) -> onAppEvent
com.google.android.gms.internal.ar$a -> com.google.android.gms.internal.ar$a:
    com.google.android.gms.internal.ar h(android.os.IBinder) -> h
    android.os.IBinder asBinder() -> asBinder
    boolean onTransact(int,android.os.Parcel,android.os.Parcel,int) -> onTransact
com.google.android.gms.internal.ar$a$a -> acb:
    android.os.IBinder kn -> a
    android.os.IBinder asBinder() -> asBinder
    void onAppEvent(java.lang.String,java.lang.String) -> onAppEvent
com.google.android.gms.internal.as -> com.google.android.gms.internal.as:
    java.lang.String DEVICE_ID_EMULATOR -> DEVICE_ID_EMULATOR
    java.util.Date d -> a
    java.lang.String lY -> b
    int lZ -> c
    java.util.Set f -> d
    android.location.Location h -> e
    boolean ma -> f
    java.util.Map mb -> g
    java.util.Map mc -> h
    java.lang.String md -> i
    com.google.android.gms.ads.search.SearchAdRequest me -> j
    int mf -> k
    java.util.Set mg -> l
    java.util.Date getBirthday() -> getBirthday
    java.lang.String getContentUrl() -> getContentUrl
    int getGender() -> getGender
    java.util.Set getKeywords() -> getKeywords
    android.location.Location getLocation() -> getLocation
    boolean getManualImpressionsEnabled() -> getManualImpressionsEnabled
    com.google.android.gms.ads.mediation.NetworkExtras getNetworkExtras(java.lang.Class) -> getNetworkExtras
    android.os.Bundle getNetworkExtrasBundle(java.lang.Class) -> getNetworkExtrasBundle
    java.lang.String getPublisherProvidedId() -> getPublisherProvidedId
    com.google.android.gms.ads.search.SearchAdRequest aB() -> aB
    boolean isTestDevice(android.content.Context) -> isTestDevice
    java.util.Map aC() -> aC
    java.util.Map aD() -> aD
    int aE() -> aE