app/unused.txt
com.patil.geobells.lite.CreateReminderActivity$PlacesAutoCompleteBusinessAdapter
com.patil.geobells.lite.CreateReminderActivity$PlacesAutoCompleteBusinessAdapter$1
com.patil.geobells.lite.GeobellsApplication:
    private static final java.lang.String PROPERTY_ID
    private static final java.lang.String TAG
com.patil.geobells.lite.MainActivity:
    private android.os.Handler licenseHandler
    boolean licensed
    52:52:static synthetic com.patil.geobells.lite.utils.GeobellsPreferenceManager access$000(com.patil.geobells.lite.MainActivity)
com.patil.geobells.lite.MainActivity$MyLicenseCheckerCallback
com.patil.geobells.lite.views.NavigationDrawerFragment:
    private static final java.lang.String STATE_SELECTED_POSITION
    private static final java.lang.String PREF_USER_LEARNED_DRAWER
com.patil.geobells.lite.views.ReminderCard:
    java.util.ArrayList additionalInfo
...
android.support.v4.accessibilityservice.AccessibilityServiceInfoCompatIcs:
    26:26:AccessibilityServiceInfoCompatIcs()
android.support.v4.accessibilityservice.AccessibilityServiceInfoCompatJellyBeanMr2:
    25:25:AccessibilityServiceInfoCompatJellyBeanMr2()
android.support.v4.app.ActionBarDrawerToggle:
    private static final float TOGGLE_DRAWABLE_OFFSET
    private static final int ID_HOME
android.support.v4.app.ActionBarDrawerToggleHoneycomb:
    private static final java.lang.String TAG
    40:98:ActionBarDrawerToggleHoneycomb()
android.support.v4.app.ActionBarDrawerToggleJellybeanMR2:
    private static final java.lang.String TAG
    27:27:ActionBarDrawerToggleJellybeanMR2()
android.support.v4.app.ActivityCompatHoneycomb:
    27:27:ActivityCompatHoneycomb()
    34:35:static void dump(android.app.Activity,java.lang.String,java.io.FileDescriptor,java.io.PrintWriter,java.lang.String[])
android.support.v4.app.ActivityCompatJB:
    24:24:ActivityCompatJB()
android.support.v4.app.BackStackRecord:
    static final java.lang.String TAG
    static final int OP_NULL
    static final int OP_ADD
    static final int OP_REPLACE
    static final int OP_REMOVE
    static final int OP_HIDE
    static final int OP_SHOW
    static final int OP_DETACH
    static final int OP_ATTACH
    779:779:public int getTransition()
    783:783:public int getTransitionStyle()
android.support.v4.app.DialogFragment:
    private static final java.lang.String SAVED_DIALOG_STATE_TAG
    private static final java.lang.String SAVED_STYLE
    private static final java.lang.String SAVED_THEME
    private static final java.lang.String SAVED_CANCELABLE
    private static final java.lang.String SAVED_SHOWS_DIALOG
    private static final java.lang.String SAVED_BACK_STACK_ID
android.support.v4.app.Fragment:
    static final int INITIALIZING
    static final int CREATED
    static final int ACTIVITY_CREATED
    static final int STOPPED
    static final int STARTED
    static final int RESUMED
    1450:1456:android.support.v4.app.Fragment findFragmentByWho(java.lang.String)
android.support.v4.app.FragmentActivity:
    private static final java.lang.String TAG
    static final java.lang.String FRAGMENTS_TAG
    private static final int HONEYCOMB
    static final int MSG_REALLY_STOPPED
    static final int MSG_RESUME_PENDING
android.support.v4.app.FragmentActivity$FragmentTag:
    public static final int Fragment_id
    public static final int Fragment_name
    public static final int Fragment_tag
    134:134:FragmentActivity$FragmentTag()
android.support.v4.app.FragmentManagerImpl:
    static final java.lang.String TAG
    static final java.lang.String TARGET_REQUEST_CODE_STATE_TAG
    static final java.lang.String TARGET_STATE_TAG
    static final java.lang.String VIEW_STATE_TAG
    static final java.lang.String USER_VISIBLE_HINT_TAG
    static final int ANIM_DUR
    public static final int ANIM_STYLE_OPEN_ENTER
    public static final int ANIM_STYLE_OPEN_EXIT
    public static final int ANIM_STYLE_CLOSE_ENTER
    public static final int ANIM_STYLE_CLOSE_EXIT
    public static final int ANIM_STYLE_FADE_ENTER
    public static final int ANIM_STYLE_FADE_EXIT
    1341:1349:public android.support.v4.app.Fragment findFragmentByWho(java.lang.String)
android.support.v4.app.FragmentPagerAdapter:
    private static final java.lang.String TAG
    private static final boolean DEBUG
android.support.v4.app.FragmentStatePagerAdapter:
    private static final java.lang.String TAG
    private static final boolean DEBUG
android.support.v4.app.ListFragment:
    static final int INTERNAL_EMPTY_ID
    static final int INTERNAL_PROGRESS_CONTAINER_ID
    static final int INTERNAL_LIST_CONTAINER_ID
android.support.v4.app.LoaderManagerImpl:
    static final java.lang.String TAG
    boolean mRetainingStarted
android.support.v4.app.NavUtils:
    private static final java.lang.String TAG
android.support.v4.app.NavUtilsJB:
    23:23:NavUtilsJB()